This file contains any messages produced by compilers while
running configure, to aid debugging if configure makes a mistake.

It was created by smo_svmpack configure alpha, which was
generated by GNU Autoconf 2.71.  Invocation command line was

  $ ./configure

## --------- ##
## Platform. ##
## --------- ##

hostname = pnichols-h8-1280t
uname -m = x86_64
uname -r = 6.11.0-26-generic
uname -s = Linux
uname -v = #26~24.04.1-Ubuntu SMP PREEMPT_DYNAMIC Thu Apr 17 19:20:47 UTC 2

/usr/bin/uname -p = x86_64
/bin/uname -X     = unknown

/bin/arch              = x86_64
/usr/bin/arch -k       = unknown
/usr/convex/getsysinfo = unknown
/usr/bin/hostinfo      = unknown
/bin/machine           = unknown
/usr/bin/oslevel       = unknown
/bin/universe          = unknown

PATH: /home/pnichols/local/bin/
PATH: /usr/local/bin/
PATH: /home/pnichols/.local/bin/
PATH: /usr/local/sbin/
PATH: /usr/local/bin/
PATH: /usr/sbin/
PATH: /usr/bin/
PATH: /sbin/
PATH: /bin/
PATH: /usr/games/
PATH: /usr/local/games/
PATH: /snap/bin/
PATH: /snap/bin/


## ----------- ##
## Core tests. ##
## ----------- ##

configure:2476: looking for aux files: config.guess config.sub compile missing install-sh
configure:2489:  trying ./
configure:2518:   ./config.guess found
configure:2518:   ./config.sub found
configure:2518:   ./compile found
configure:2518:   ./missing found
configure:2500:   ./install-sh found
configure:2650: checking for a BSD-compatible install
configure:2723: result: /usr/bin/install -c
configure:2734: checking whether build environment is sane
configure:2789: result: yes
configure:2948: checking for a race-free mkdir -p
configure:2992: result: /usr/bin/mkdir -p
configure:2999: checking for gawk
configure:3034: result: no
configure:2999: checking for mawk
configure:3020: found /usr/bin/mawk
configure:3031: result: mawk
configure:3042: checking whether make sets $(MAKE)
configure:3065: result: yes
configure:3095: checking whether make supports nested variables
configure:3113: result: yes
configure:3313: checking for gcc
configure:3334: found /usr/bin/gcc
configure:3345: result: gcc
configure:3698: checking for C compiler version
configure:3707: gcc --version >&5
gcc (Ubuntu 13.3.0-6ubuntu2~24.04) 13.3.0
Copyright (C) 2023 Free Software Foundation, Inc.
This is free software; see the source for copying conditions.  There is NO
warranty; not even for MERCHANTABILITY or FITNESS FOR A PARTICULAR PURPOSE.

configure:3718: $? = 0
configure:3707: gcc -v >&5
Using built-in specs.
COLLECT_GCC=gcc
COLLECT_LTO_WRAPPER=/usr/libexec/gcc/x86_64-linux-gnu/13/lto-wrapper
OFFLOAD_TARGET_NAMES=nvptx-none:amdgcn-amdhsa
OFFLOAD_TARGET_DEFAULT=1
Target: x86_64-linux-gnu
Configured with: ../src/configure -v --with-pkgversion='Ubuntu 13.3.0-6ubuntu2~24.04' --with-bugurl=file:///usr/share/doc/gcc-13/README.Bugs --enable-languages=c,ada,c++,go,d,fortran,objc,obj-c++,m2 --prefix=/usr --with-gcc-major-version-only --program-suffix=-13 --program-prefix=x86_64-linux-gnu- --enable-shared --enable-linker-build-id --libexecdir=/usr/libexec --without-included-gettext --enable-threads=posix --libdir=/usr/lib --enable-nls --enable-bootstrap --enable-clocale=gnu --enable-libstdcxx-debug --enable-libstdcxx-time=yes --with-default-libstdcxx-abi=new --enable-libstdcxx-backtrace --enable-gnu-unique-object --disable-vtable-verify --enable-plugin --enable-default-pie --with-system-zlib --enable-libphobos-checking=release --with-target-system-zlib=auto --enable-objc-gc=auto --enable-multiarch --disable-werror --enable-cet --with-arch-32=i686 --with-abi=m64 --with-multilib-list=m32,m64,mx32 --enable-multilib --with-tune=generic --enable-offload-targets=nvptx-none=/build/gcc-13-fG75Ri/gcc-13-13.3.0/debian/tmp-nvptx/usr,amdgcn-amdhsa=/build/gcc-13-fG75Ri/gcc-13-13.3.0/debian/tmp-gcn/usr --enable-offload-defaulted --without-cuda-driver --enable-checking=release --build=x86_64-linux-gnu --host=x86_64-linux-gnu --target=x86_64-linux-gnu --with-build-config=bootstrap-lto-lean --enable-link-serialization=2
Thread model: posix
Supported LTO compression algorithms: zlib zstd
gcc version 13.3.0 (Ubuntu 13.3.0-6ubuntu2~24.04) 
... rest of stderr output deleted ...
configure:3718: $? = 0
configure:3707: gcc -V >&5
gcc: error: unrecognized command-line option '-V'
gcc: fatal error: no input files
compilation terminated.
configure:3718: $? = 1
configure:3707: gcc -qversion >&5
gcc: error: unrecognized command-line option '-qversion'; did you mean '--version'?
gcc: fatal error: no input files
compilation terminated.
configure:3718: $? = 1
configure:3707: gcc -version >&5
gcc: error: unrecognized command-line option '-version'
gcc: fatal error: no input files
compilation terminated.
configure:3718: $? = 1
configure:3738: checking whether the C compiler works
configure:3760: gcc    conftest.c  >&5
configure:3764: $? = 0
configure:3814: result: yes
configure:3817: checking for C compiler default output file name
configure:3819: result: a.out
configure:3825: checking for suffix of executables
configure:3832: gcc -o conftest    conftest.c  >&5
configure:3836: $? = 0
configure:3859: result: 
configure:3881: checking whether we are cross compiling
configure:3889: gcc -o conftest    conftest.c  >&5
configure:3893: $? = 0
configure:3900: ./conftest
configure:3904: $? = 0
configure:3919: result: no
configure:3924: checking for suffix of object files
configure:3947: gcc -c   conftest.c >&5
configure:3951: $? = 0
configure:3973: result: o
configure:3977: checking whether the compiler supports GNU C
configure:3997: gcc -c   conftest.c >&5
configure:3997: $? = 0
configure:4007: result: yes
configure:4018: checking whether gcc accepts -g
configure:4039: gcc -c -g  conftest.c >&5
configure:4039: $? = 0
configure:4083: result: yes
configure:4103: checking for gcc option to enable C11 features
configure:4118: gcc  -c -g -O2  conftest.c >&5
configure:4118: $? = 0
configure:4136: result: none needed
configure:4252: checking whether gcc understands -c and -o together
configure:4275: gcc -c conftest.c -o conftest2.o
configure:4278: $? = 0
configure:4275: gcc -c conftest.c -o conftest2.o
configure:4278: $? = 0
configure:4290: result: yes
configure:4310: checking whether make supports the include directive
configure:4325: make -f confmf.GNU && cat confinc.out
this is the am__doit target
configure:4328: $? = 0
configure:4347: result: yes (GNU style)
configure:4373: checking dependency style of gcc
configure:4485: result: gcc3
configure:4505: checking for main in -lm
configure:4525: gcc -o conftest -g -O2   conftest.c -lm   >&5
configure:4525: $? = 0
configure:4535: result: yes
configure:4551: checking for stdio.h
configure:4551: gcc -c -g -O2  conftest.c >&5
configure:4551: $? = 0
configure:4551: result: yes
configure:4551: checking for stdlib.h
configure:4551: gcc -c -g -O2  conftest.c >&5
configure:4551: $? = 0
configure:4551: result: yes
configure:4551: checking for string.h
configure:4551: gcc -c -g -O2  conftest.c >&5
configure:4551: $? = 0
configure:4551: result: yes
configure:4551: checking for inttypes.h
configure:4551: gcc -c -g -O2  conftest.c >&5
configure:4551: $? = 0
configure:4551: result: yes
configure:4551: checking for stdint.h
configure:4551: gcc -c -g -O2  conftest.c >&5
configure:4551: $? = 0
configure:4551: result: yes
configure:4551: checking for strings.h
configure:4551: gcc -c -g -O2  conftest.c >&5
configure:4551: $? = 0
configure:4551: result: yes
configure:4551: checking for sys/stat.h
configure:4551: gcc -c -g -O2  conftest.c >&5
configure:4551: $? = 0
configure:4551: result: yes
configure:4551: checking for sys/types.h
configure:4551: gcc -c -g -O2  conftest.c >&5
configure:4551: $? = 0
configure:4551: result: yes
configure:4551: checking for unistd.h
configure:4551: gcc -c -g -O2  conftest.c >&5
configure:4551: $? = 0
configure:4551: result: yes
configure:4576: checking for stdint.h
configure:4576: result: yes
configure:4582: checking for time.h
configure:4582: gcc -c -g -O2  conftest.c >&5
configure:4582: $? = 0
configure:4582: result: yes
configure:4591: checking for inline
configure:4608: gcc -c -g -O2  conftest.c >&5
configure:4608: $? = 0
configure:4617: result: inline
configure:4635: checking for int64_t
configure:4635: gcc -c -g -O2  conftest.c >&5
configure:4635: $? = 0
configure:4635: gcc -c -g -O2  conftest.c >&5
conftest.c: In function 'main':
conftest.c:57:67: warning: integer overflow in expression of type 'long int' results in '-9223372036854775808' [-Woverflow]
   57 |                  < (int64_t) (((((int64_t) 1 << N) << N) - 1) * 2 + 2))];
      |                                                                   ^
conftest.c:56:12: error: storage size of 'test_array' isn't constant
   56 | static int test_array [1 - 2 * !((int64_t) (((((int64_t) 1 << N) << N) - 1) * 2 + 1)
      |            ^~~~~~~~~~
configure:4635: $? = 1
configure: failed program was:
| /* confdefs.h */
| #define PACKAGE_NAME "smo_svmpack"
| #define PACKAGE_TARNAME "smo_svmpack"
| #define PACKAGE_VERSION "alpha"
| #define PACKAGE_STRING "smo_svmpack alpha"
| #define PACKAGE_BUGREPORT "patjnichols@gmail.com"
| #define PACKAGE_URL ""
| #define PACKAGE "smo_svmpack"
| #define VERSION "alpha"
| #define HAVE_LIBM 1
| #define HAVE_STDIO_H 1
| #define HAVE_STDLIB_H 1
| #define HAVE_STRING_H 1
| #define HAVE_INTTYPES_H 1
| #define HAVE_STDINT_H 1
| #define HAVE_STRINGS_H 1
| #define HAVE_SYS_STAT_H 1
| #define HAVE_SYS_TYPES_H 1
| #define HAVE_UNISTD_H 1
| #define STDC_HEADERS 1
| #define HAVE_STDINT_H 1
| #define HAVE_TIME_H 1
| /* end confdefs.h.  */
| #include <stddef.h>
| #ifdef HAVE_STDIO_H
| # include <stdio.h>
| #endif
| #ifdef HAVE_STDLIB_H
| # include <stdlib.h>
| #endif
| #ifdef HAVE_STRING_H
| # include <string.h>
| #endif
| #ifdef HAVE_INTTYPES_H
| # include <inttypes.h>
| #endif
| #ifdef HAVE_STDINT_H
| # include <stdint.h>
| #endif
| #ifdef HAVE_STRINGS_H
| # include <strings.h>
| #endif
| #ifdef HAVE_SYS_TYPES_H
| # include <sys/types.h>
| #endif
| #ifdef HAVE_SYS_STAT_H
| # include <sys/stat.h>
| #endif
| #ifdef HAVE_UNISTD_H
| # include <unistd.h>
| #endif
| 	        enum { N = 64 / 2 - 1 };
| int
| main (void)
| {
| static int test_array [1 - 2 * !((int64_t) (((((int64_t) 1 << N) << N) - 1) * 2 + 1)
| 		 < (int64_t) (((((int64_t) 1 << N) << N) - 1) * 2 + 2))];
| test_array [0] = 0;
| return test_array [0];
| 
|   ;
|   return 0;
| }
configure:4635: result: yes
configure:4644: checking for size_t
configure:4644: gcc -c -g -O2  conftest.c >&5
configure:4644: $? = 0
configure:4644: gcc -c -g -O2  conftest.c >&5
conftest.c: In function 'main':
conftest.c:55:21: error: expected expression before ')' token
   55 | if (sizeof ((size_t)))
      |                     ^
configure:4644: $? = 1
configure: failed program was:
| /* confdefs.h */
| #define PACKAGE_NAME "smo_svmpack"
| #define PACKAGE_TARNAME "smo_svmpack"
| #define PACKAGE_VERSION "alpha"
| #define PACKAGE_STRING "smo_svmpack alpha"
| #define PACKAGE_BUGREPORT "patjnichols@gmail.com"
| #define PACKAGE_URL ""
| #define PACKAGE "smo_svmpack"
| #define VERSION "alpha"
| #define HAVE_LIBM 1
| #define HAVE_STDIO_H 1
| #define HAVE_STDLIB_H 1
| #define HAVE_STRING_H 1
| #define HAVE_INTTYPES_H 1
| #define HAVE_STDINT_H 1
| #define HAVE_STRINGS_H 1
| #define HAVE_SYS_STAT_H 1
| #define HAVE_SYS_TYPES_H 1
| #define HAVE_UNISTD_H 1
| #define STDC_HEADERS 1
| #define HAVE_STDINT_H 1
| #define HAVE_TIME_H 1
| /* end confdefs.h.  */
| #include <stddef.h>
| #ifdef HAVE_STDIO_H
| # include <stdio.h>
| #endif
| #ifdef HAVE_STDLIB_H
| # include <stdlib.h>
| #endif
| #ifdef HAVE_STRING_H
| # include <string.h>
| #endif
| #ifdef HAVE_INTTYPES_H
| # include <inttypes.h>
| #endif
| #ifdef HAVE_STDINT_H
| # include <stdint.h>
| #endif
| #ifdef HAVE_STRINGS_H
| # include <strings.h>
| #endif
| #ifdef HAVE_SYS_TYPES_H
| # include <sys/types.h>
| #endif
| #ifdef HAVE_SYS_STAT_H
| # include <sys/stat.h>
| #endif
| #ifdef HAVE_UNISTD_H
| # include <unistd.h>
| #endif
| int
| main (void)
| {
| if (sizeof ((size_t)))
| 	    return 0;
|   ;
|   return 0;
| }
configure:4644: result: yes
configure:4654: checking for ssize_t
configure:4654: gcc -c -g -O2  conftest.c >&5
configure:4654: $? = 0
configure:4654: gcc -c -g -O2  conftest.c >&5
conftest.c: In function 'main':
conftest.c:55:22: error: expected expression before ')' token
   55 | if (sizeof ((ssize_t)))
      |                      ^
configure:4654: $? = 1
configure: failed program was:
| /* confdefs.h */
| #define PACKAGE_NAME "smo_svmpack"
| #define PACKAGE_TARNAME "smo_svmpack"
| #define PACKAGE_VERSION "alpha"
| #define PACKAGE_STRING "smo_svmpack alpha"
| #define PACKAGE_BUGREPORT "patjnichols@gmail.com"
| #define PACKAGE_URL ""
| #define PACKAGE "smo_svmpack"
| #define VERSION "alpha"
| #define HAVE_LIBM 1
| #define HAVE_STDIO_H 1
| #define HAVE_STDLIB_H 1
| #define HAVE_STRING_H 1
| #define HAVE_INTTYPES_H 1
| #define HAVE_STDINT_H 1
| #define HAVE_STRINGS_H 1
| #define HAVE_SYS_STAT_H 1
| #define HAVE_SYS_TYPES_H 1
| #define HAVE_UNISTD_H 1
| #define STDC_HEADERS 1
| #define HAVE_STDINT_H 1
| #define HAVE_TIME_H 1
| /* end confdefs.h.  */
| #include <stddef.h>
| #ifdef HAVE_STDIO_H
| # include <stdio.h>
| #endif
| #ifdef HAVE_STDLIB_H
| # include <stdlib.h>
| #endif
| #ifdef HAVE_STRING_H
| # include <string.h>
| #endif
| #ifdef HAVE_INTTYPES_H
| # include <inttypes.h>
| #endif
| #ifdef HAVE_STDINT_H
| # include <stdint.h>
| #endif
| #ifdef HAVE_STRINGS_H
| # include <strings.h>
| #endif
| #ifdef HAVE_SYS_TYPES_H
| # include <sys/types.h>
| #endif
| #ifdef HAVE_SYS_STAT_H
| # include <sys/stat.h>
| #endif
| #ifdef HAVE_UNISTD_H
| # include <unistd.h>
| #endif
| int
| main (void)
| {
| if (sizeof ((ssize_t)))
| 	    return 0;
|   ;
|   return 0;
| }
configure:4654: result: yes
configure:4672: checking build system type
configure:4687: result: x86_64-pc-linux-gnu
configure:4707: checking host system type
configure:4721: result: x86_64-pc-linux-gnu
configure:4741: checking for GNU libc compatible malloc
configure:4773: gcc -o conftest -g -O2   conftest.c -lm  >&5
configure:4773: $? = 0
configure:4773: ./conftest
configure:4773: $? = 0
configure:4784: result: yes
configure:4806: checking for working strtod
configure:4849: gcc -o conftest -g -O2   conftest.c -lm  >&5
configure:4849: $? = 0
configure:4849: ./conftest
configure:4849: $? = 0
configure:4860: result: yes
configure:4923: checking for clock_gettime
configure:4923: gcc -o conftest -g -O2   conftest.c -lm  >&5
configure:4923: $? = 0
configure:4923: result: yes
configure:4929: checking for memset
configure:4929: gcc -o conftest -g -O2   conftest.c -lm  >&5
conftest.c:42:6: warning: conflicting types for built-in function 'memset'; expected 'void *(void *, int,  long unsigned int)' [-Wbuiltin-declaration-mismatch]
   42 | char memset ();
      |      ^~~~~~
conftest.c:34:1: note: 'memset' is declared in header '<string.h>'
   33 | #include <limits.h>
   34 | #undef memset
configure:4929: $? = 0
configure:4929: result: yes
configure:4935: checking for rint
configure:4935: gcc -o conftest -g -O2   conftest.c -lm  >&5
conftest.c:43:6: warning: conflicting types for built-in function 'rint'; expected 'double(double)' [-Wbuiltin-declaration-mismatch]
   43 | char rint ();
      |      ^~~~
conftest.c:35:1: note: 'rint' is declared in header '<math.h>'
   34 | #include <limits.h>
   35 | #undef rint
configure:4935: $? = 0
configure:4935: result: yes
configure:4941: checking for sqrt
configure:4941: gcc -o conftest -g -O2   conftest.c -lm  >&5
conftest.c:44:6: warning: conflicting types for built-in function 'sqrt'; expected 'double(double)' [-Wbuiltin-declaration-mismatch]
   44 | char sqrt ();
      |      ^~~~
conftest.c:36:1: note: 'sqrt' is declared in header '<math.h>'
   35 | #include <limits.h>
   36 | #undef sqrt
configure:4941: $? = 0
configure:4941: result: yes
configure:4947: checking for strchr
configure:4947: gcc -o conftest -g -O2   conftest.c -lm  >&5
conftest.c:45:6: warning: conflicting types for built-in function 'strchr'; expected 'char *(const char *, int)' [-Wbuiltin-declaration-mismatch]
   45 | char strchr ();
      |      ^~~~~~
conftest.c:37:1: note: 'strchr' is declared in header '<string.h>'
   36 | #include <limits.h>
   37 | #undef strchr
configure:4947: $? = 0
configure:4947: result: yes
configure:4953: checking for strdup
configure:4953: gcc -o conftest -g -O2   conftest.c -lm  >&5
conftest.c:46:6: warning: conflicting types for built-in function 'strdup'; expected 'char *(const char *)' [-Wbuiltin-declaration-mismatch]
   46 | char strdup ();
      |      ^~~~~~
configure:4953: $? = 0
configure:4953: result: yes
configure:4959: checking for strerror
configure:4959: gcc -o conftest -g -O2   conftest.c -lm  >&5
configure:4959: $? = 0
configure:4959: result: yes
configure:4965: checking for strndup
configure:4965: gcc -o conftest -g -O2   conftest.c -lm  >&5
conftest.c:48:6: warning: conflicting types for built-in function 'strndup'; expected 'char *(const char *, long unsigned int)' [-Wbuiltin-declaration-mismatch]
   48 | char strndup ();
      |      ^~~~~~~
configure:4965: $? = 0
configure:4965: result: yes
configure:4971: checking for strrchr
configure:4971: gcc -o conftest -g -O2   conftest.c -lm  >&5
conftest.c:49:6: warning: conflicting types for built-in function 'strrchr'; expected 'char *(const char *, int)' [-Wbuiltin-declaration-mismatch]
   49 | char strrchr ();
      |      ^~~~~~~
conftest.c:41:1: note: 'strrchr' is declared in header '<string.h>'
   40 | #include <limits.h>
   41 | #undef strrchr
configure:4971: $? = 0
configure:4971: result: yes
configure:4977: checking for strstr
configure:4977: gcc -o conftest -g -O2   conftest.c -lm  >&5
conftest.c:50:6: warning: conflicting types for built-in function 'strstr'; expected 'char *(const char *, const char *)' [-Wbuiltin-declaration-mismatch]
   50 | char strstr ();
      |      ^~~~~~
conftest.c:42:1: note: 'strstr' is declared in header '<string.h>'
   41 | #include <limits.h>
   42 | #undef strstr
configure:4977: $? = 0
configure:4977: result: yes
configure:4983: checking for strtoull
configure:4983: gcc -o conftest -g -O2   conftest.c -lm  >&5
configure:4983: $? = 0
configure:4983: result: yes
configure:5098: checking that generated files are newer than configure
configure:5104: result: done
configure:5127: creating ./config.status

## ---------------------- ##
## Running config.status. ##
## ---------------------- ##

This file was extended by smo_svmpack config.status alpha, which was
generated by GNU Autoconf 2.71.  Invocation command line was

  CONFIG_FILES    = 
  CONFIG_HEADERS  = 
  CONFIG_LINKS    = 
  CONFIG_COMMANDS = 
  $ ./config.status 

on pnichols-h8-1280t

config.status:871: creating Makefile
config.status:871: creating config.h
config.status:1052: config.h is unchanged
config.status:1100: executing depfiles commands
config.status:1177: cd .       && sed -e '/# am--include-marker/d' Makefile         | make -f - am--depfiles
make: Nothing to be done for 'am--depfiles'.
config.status:1182: $? = 0

## ---------------- ##
## Cache variables. ##
## ---------------- ##

ac_cv_build=x86_64-pc-linux-gnu
ac_cv_c_compiler_gnu=yes
ac_cv_c_inline=inline
ac_cv_c_int64_t=yes
ac_cv_env_CC_set=
ac_cv_env_CC_value=
ac_cv_env_CFLAGS_set=
ac_cv_env_CFLAGS_value=
ac_cv_env_CPPFLAGS_set=
ac_cv_env_CPPFLAGS_value=
ac_cv_env_LDFLAGS_set=
ac_cv_env_LDFLAGS_value=
ac_cv_env_LIBS_set=
ac_cv_env_LIBS_value=
ac_cv_env_build_alias_set=
ac_cv_env_build_alias_value=
ac_cv_env_host_alias_set=
ac_cv_env_host_alias_value=
ac_cv_env_target_alias_set=
ac_cv_env_target_alias_value=
ac_cv_func_clock_gettime=yes
ac_cv_func_malloc_0_nonnull=yes
ac_cv_func_memset=yes
ac_cv_func_rint=yes
ac_cv_func_sqrt=yes
ac_cv_func_strchr=yes
ac_cv_func_strdup=yes
ac_cv_func_strerror=yes
ac_cv_func_strndup=yes
ac_cv_func_strrchr=yes
ac_cv_func_strstr=yes
ac_cv_func_strtod=yes
ac_cv_func_strtoull=yes
ac_cv_header_inttypes_h=yes
ac_cv_header_stdint_h=yes
ac_cv_header_stdio_h=yes
ac_cv_header_stdlib_h=yes
ac_cv_header_string_h=yes
ac_cv_header_strings_h=yes
ac_cv_header_sys_stat_h=yes
ac_cv_header_sys_types_h=yes
ac_cv_header_time_h=yes
ac_cv_header_unistd_h=yes
ac_cv_host=x86_64-pc-linux-gnu
ac_cv_lib_m_main=yes
ac_cv_objext=o
ac_cv_path_install='/usr/bin/install -c'
ac_cv_path_mkdir=/usr/bin/mkdir
ac_cv_prog_AWK=mawk
ac_cv_prog_ac_ct_CC=gcc
ac_cv_prog_cc_c11=
ac_cv_prog_cc_g=yes
ac_cv_prog_cc_stdc=
ac_cv_prog_make_make_set=yes
ac_cv_type_size_t=yes
ac_cv_type_ssize_t=yes
am_cv_CC_dependencies_compiler_type=gcc3
am_cv_make_support_nested_variables=yes
am_cv_prog_cc_c_o=yes

## ----------------- ##
## Output variables. ##
## ----------------- ##

ACLOCAL='${SHELL} '\''/home/pnichols/codes/svm/smo_svmpack_new/c/new_dir/missing'\'' aclocal-1.16'
AMDEPBACKSLASH='\'
AMDEP_FALSE='#'
AMDEP_TRUE=''
AMTAR='$${TAR-tar}'
AM_BACKSLASH='\'
AM_DEFAULT_V='$(AM_DEFAULT_VERBOSITY)'
AM_DEFAULT_VERBOSITY='1'
AM_V='$(V)'
AUTOCONF='${SHELL} '\''/home/pnichols/codes/svm/smo_svmpack_new/c/new_dir/missing'\'' autoconf'
AUTOHEADER='${SHELL} '\''/home/pnichols/codes/svm/smo_svmpack_new/c/new_dir/missing'\'' autoheader'
AUTOMAKE='${SHELL} '\''/home/pnichols/codes/svm/smo_svmpack_new/c/new_dir/missing'\'' automake-1.16'
AWK='mawk'
CC='gcc'
CCDEPMODE='depmode=gcc3'
CFLAGS='-g -O2'
CPPFLAGS=''
CSCOPE='cscope'
CTAGS='ctags'
CYGPATH_W='echo'
DEFS='-DHAVE_CONFIG_H'
DEPDIR='.deps'
ECHO_C=''
ECHO_N='-n'
ECHO_T=''
ETAGS='etags'
EXEEXT=''
INSTALL_DATA='${INSTALL} -m 644'
INSTALL_PROGRAM='${INSTALL}'
INSTALL_SCRIPT='${INSTALL}'
INSTALL_STRIP_PROGRAM='$(install_sh) -c -s'
LDFLAGS=''
LIBOBJS=''
LIBS='-lm '
LTLIBOBJS=''
MAKEINFO='${SHELL} '\''/home/pnichols/codes/svm/smo_svmpack_new/c/new_dir/missing'\'' makeinfo'
MKDIR_P='/usr/bin/mkdir -p'
OBJEXT='o'
PACKAGE='smo_svmpack'
PACKAGE_BUGREPORT='patjnichols@gmail.com'
PACKAGE_NAME='smo_svmpack'
PACKAGE_STRING='smo_svmpack alpha'
PACKAGE_TARNAME='smo_svmpack'
PACKAGE_URL=''
PACKAGE_VERSION='alpha'
PATH_SEPARATOR=':'
POW_LIB=''
SET_MAKE=''
SHELL='/bin/bash'
STRIP=''
VERSION='alpha'
ac_ct_CC='gcc'
am__EXEEXT_FALSE=''
am__EXEEXT_TRUE='#'
am__fastdepCC_FALSE='#'
am__fastdepCC_TRUE=''
am__include='include'
am__isrc=''
am__leading_dot='.'
am__nodep='_no'
am__quote=''
am__tar='$${TAR-tar} chof - "$$tardir"'
am__untar='$${TAR-tar} xf -'
bindir='${exec_prefix}/bin'
build='x86_64-pc-linux-gnu'
build_alias=''
build_cpu='x86_64'
build_os='linux-gnu'
build_vendor='pc'
datadir='${datarootdir}'
datarootdir='${prefix}/share'
docdir='${datarootdir}/doc/${PACKAGE_TARNAME}'
dvidir='${docdir}'
exec_prefix='${prefix}'
host='x86_64-pc-linux-gnu'
host_alias=''
host_cpu='x86_64'
host_os='linux-gnu'
host_vendor='pc'
htmldir='${docdir}'
includedir='${prefix}/include'
infodir='${datarootdir}/info'
install_sh='${SHELL} /home/pnichols/codes/svm/smo_svmpack_new/c/new_dir/install-sh'
libdir='${exec_prefix}/lib'
libexecdir='${exec_prefix}/libexec'
localedir='${datarootdir}/locale'
localstatedir='${prefix}/var'
mandir='${datarootdir}/man'
mkdir_p='$(MKDIR_P)'
oldincludedir='/usr/include'
pdfdir='${docdir}'
prefix='/usr/local'
program_transform_name='s,x,x,'
psdir='${docdir}'
runstatedir='${localstatedir}/run'
sbindir='${exec_prefix}/sbin'
sharedstatedir='${prefix}/com'
subdirs=' new_dir'
sysconfdir='${prefix}/etc'
target_alias=''

## ----------- ##
## confdefs.h. ##
## ----------- ##

/* confdefs.h */
#define PACKAGE_NAME "smo_svmpack"
#define PACKAGE_TARNAME "smo_svmpack"
#define PACKAGE_VERSION "alpha"
#define PACKAGE_STRING "smo_svmpack alpha"
#define PACKAGE_BUGREPORT "patjnichols@gmail.com"
#define PACKAGE_URL ""
#define PACKAGE "smo_svmpack"
#define VERSION "alpha"
#define HAVE_LIBM 1
#define HAVE_STDIO_H 1
#define HAVE_STDLIB_H 1
#define HAVE_STRING_H 1
#define HAVE_INTTYPES_H 1
#define HAVE_STDINT_H 1
#define HAVE_STRINGS_H 1
#define HAVE_SYS_STAT_H 1
#define HAVE_SYS_TYPES_H 1
#define HAVE_UNISTD_H 1
#define STDC_HEADERS 1
#define HAVE_STDINT_H 1
#define HAVE_TIME_H 1
#define HAVE_MALLOC 1
#define HAVE_CLOCK_GETTIME 1
#define HAVE_MEMSET 1
#define HAVE_RINT 1
#define HAVE_SQRT 1
#define HAVE_STRCHR 1
#define HAVE_STRDUP 1
#define HAVE_STRERROR 1
#define HAVE_STRNDUP 1
#define HAVE_STRRCHR 1
#define HAVE_STRSTR 1
#define HAVE_STRTOULL 1

configure: exit 0
