This file contains any messages produced by compilers while
running configure, to aid debugging if configure makes a mistake.

It was created by smo_svmpack configure alpha, which was
generated by GNU Autoconf 2.69.  Invocation command line was

  $ ./configure 

## --------- ##
## Platform. ##
## --------- ##

hostname = pn1804080.lanl.gov
uname -m = x86_64
uname -r = 18.7.0
uname -s = Darwin
uname -v = Darwin Kernel Version 18.7.0: Mon Aug 31 20:53:32 PDT 2020; root:xnu-4903.278.44~1/RELEASE_X86_64

/usr/bin/uname -p = i386
/bin/uname -X     = unknown

/bin/arch              = unknown
/usr/bin/arch -k       = unknown
/usr/convex/getsysinfo = unknown
/usr/bin/hostinfo      = Mach kernel version:
	 Darwin Kernel Version 18.7.0: Mon Aug 31 20:53:32 PDT 2020; root:xnu-4903.278.44~1/RELEASE_X86_64
Kernel configured for up to 12 processors.
6 processors are physically available.
12 processors are logically available.
Processor type: x86_64h (Intel x86-64h Haswell)
Processors active: 0 1 2 3 4 5 6 7 8 9 10 11
Primary memory available: 32.00 gigabytes
Default processor set: 486 tasks, 2302 threads, 12 processors
Load average: 3.65, Mach factor: 8.34
/bin/machine           = unknown
/usr/bin/oslevel       = unknown
/bin/universe          = unknown

PATH: /Users/pnichols/homebrew/Cellar/gcc/10.2.0/bin
PATH: /Users/pnichols/projects/DVD-1-nosrc/MCNP_CODE/bin
PATH: /Users/pnichols/py3/miniconda3/bin
PATH: /Users/pnichols/opt/miniconda2/condabin
PATH: /Users/pnichols/miniconda3/bin
PATH: /Users/pnichols/.cargo/bin
PATH: /Users/pnichols/bin
PATH: /Users/pnichols/homebrew/bin
PATH: /usr/local/bin
PATH: /usr/bin
PATH: /bin
PATH: /usr/sbin
PATH: /sbin
PATH: /Library/TeX/texbin
PATH: /opt/X11/bin


## ----------- ##
## Core tests. ##
## ----------- ##

configure:2321: checking for a BSD-compatible install
configure:2389: result: /usr/bin/install -c
configure:2400: checking whether build environment is sane
configure:2455: result: yes
configure:2606: checking for a thread-safe mkdir -p
configure:2645: result: ./install-sh -c -d
configure:2652: checking for gawk
configure:2682: result: no
configure:2652: checking for mawk
configure:2682: result: no
configure:2652: checking for nawk
configure:2682: result: no
configure:2652: checking for awk
configure:2668: found /Users/pnichols/homebrew/bin/awk
configure:2679: result: awk
configure:2690: checking whether make sets $(MAKE)
configure:2712: result: yes
configure:2741: checking whether make supports nested variables
configure:2758: result: yes
configure:2934: checking for gcc
configure:2961: result: gcc-10
configure:3190: checking for C compiler version
configure:3199: gcc-10 --version >&5
gcc-10 (Homebrew GCC 10.2.0) 10.2.0
Copyright (C) 2020 Free Software Foundation, Inc.
This is free software; see the source for copying conditions.  There is NO
warranty; not even for MERCHANTABILITY or FITNESS FOR A PARTICULAR PURPOSE.

configure:3210: $? = 0
configure:3199: gcc-10 -v >&5
Using built-in specs.
COLLECT_GCC=gcc-10
COLLECT_LTO_WRAPPER=/Users/pnichols/homebrew/Cellar/gcc/10.2.0/libexec/gcc/x86_64-apple-darwin18/10.2.0/lto-wrapper
Target: x86_64-apple-darwin18
Configured with: ../configure --build=x86_64-apple-darwin18 --prefix=/Users/pnichols/homebrew/Cellar/gcc/10.2.0 --libdir=/Users/pnichols/homebrew/Cellar/gcc/10.2.0/lib/gcc/10 --disable-nls --enable-checking=release --enable-languages=c,c++,objc,obj-c++,fortran --program-suffix=-10 --with-gmp=/Users/pnichols/homebrew/opt/gmp --with-mpfr=/Users/pnichols/homebrew/opt/mpfr --with-mpc=/Users/pnichols/homebrew/opt/libmpc --with-isl=/Users/pnichols/homebrew/opt/isl --with-system-zlib --with-pkgversion='Homebrew GCC 10.2.0' --with-bugurl=https://github.com/Homebrew/homebrew-core/issues --disable-multilib --with-native-system-header-dir=/usr/include --with-sysroot=/Library/Developer/CommandLineTools/SDKs/MacOSX10.14.sdk SED=/usr/bin/sed
Thread model: posix
Supported LTO compression algorithms: zlib
gcc version 10.2.0 (Homebrew GCC 10.2.0) 
configure:3210: $? = 0
configure:3199: gcc-10 -V >&5
gcc-10: error: unrecognized command-line option '-V'
gcc-10: fatal error: no input files
compilation terminated.
configure:3210: $? = 1
configure:3199: gcc-10 -qversion >&5
gcc-10: error: unrecognized command-line option '-qversion'; did you mean '--version'?
gcc-10: fatal error: no input files
compilation terminated.
configure:3210: $? = 1
configure:3230: checking whether the C compiler works
configure:3252: gcc-10    conftest.c  >&5
configure:3256: $? = 0
configure:3304: result: yes
configure:3307: checking for C compiler default output file name
configure:3309: result: a.out
configure:3315: checking for suffix of executables
configure:3322: gcc-10 -o conftest    conftest.c  >&5
configure:3326: $? = 0
configure:3348: result: 
configure:3370: checking whether we are cross compiling
configure:3378: gcc-10 -o conftest    conftest.c  >&5
configure:3382: $? = 0
configure:3389: ./conftest
configure:3393: $? = 0
configure:3408: result: no
configure:3413: checking for suffix of object files
configure:3435: gcc-10 -c   conftest.c >&5
configure:3439: $? = 0
configure:3460: result: o
configure:3464: checking whether we are using the GNU C compiler
configure:3483: gcc-10 -c   conftest.c >&5
configure:3483: $? = 0
configure:3492: result: yes
configure:3501: checking whether gcc-10 accepts -g
configure:3521: gcc-10 -c -g  conftest.c >&5
configure:3521: $? = 0
configure:3562: result: yes
configure:3579: checking for gcc-10 option to accept ISO C89
configure:3642: gcc-10  -c -g -O2  conftest.c >&5
configure:3642: $? = 0
configure:3655: result: none needed
configure:3680: checking whether gcc-10 understands -c and -o together
configure:3702: gcc-10 -c conftest.c -o conftest2.o
configure:3705: $? = 0
configure:3702: gcc-10 -c conftest.c -o conftest2.o
configure:3705: $? = 0
configure:3717: result: yes
configure:3737: checking whether make supports the include directive
configure:3752: make -f confmf.GNU && cat confinc.out
this is the am__doit target
configure:3755: $? = 0
configure:3774: result: yes (GNU style)
configure:3799: checking dependency style of gcc-10
configure:3910: result: gcc3
configure:3941: checking how to run the C preprocessor
configure:4011: result: cpp-10
configure:4031: cpp-10  conftest.c
configure:4031: $? = 0
configure:4045: cpp-10  conftest.c
conftest.c:11:10: fatal error: ac_nonexistent.h: No such file or directory
   11 | #include <ac_nonexistent.h>
      |          ^~~~~~~~~~~~~~~~~~
compilation terminated.
configure:4045: $? = 1
configure: failed program was:
| /* confdefs.h */
| #define PACKAGE_NAME "smo_svmpack"
| #define PACKAGE_TARNAME "smo_svmpack"
| #define PACKAGE_VERSION "alpha"
| #define PACKAGE_STRING "smo_svmpack alpha"
| #define PACKAGE_BUGREPORT "patjnichols@gmail.com"
| #define PACKAGE_URL ""
| #define PACKAGE "smo_svmpack"
| #define VERSION "alpha"
| /* end confdefs.h.  */
| #include <ac_nonexistent.h>
configure:4074: checking for grep that handles long lines and -e
configure:4132: result: /usr/bin/grep
configure:4137: checking for egrep
configure:4199: result: /usr/bin/grep -E
configure:4204: checking for ANSI C header files
configure:4224: gcc-10 -c -g -O2  conftest.c >&5
configure:4224: $? = 0
configure:4297: gcc-10 -o conftest -g -O2   conftest.c  >&5
configure:4297: $? = 0
configure:4297: ./conftest
configure:4297: $? = 0
configure:4308: result: yes
configure:4321: checking for sys/types.h
configure:4321: gcc-10 -c -g -O2  conftest.c >&5
configure:4321: $? = 0
configure:4321: result: yes
configure:4321: checking for sys/stat.h
configure:4321: gcc-10 -c -g -O2  conftest.c >&5
configure:4321: $? = 0
configure:4321: result: yes
configure:4321: checking for stdlib.h
configure:4321: gcc-10 -c -g -O2  conftest.c >&5
configure:4321: $? = 0
configure:4321: result: yes
configure:4321: checking for string.h
configure:4321: gcc-10 -c -g -O2  conftest.c >&5
configure:4321: $? = 0
configure:4321: result: yes
configure:4321: checking for memory.h
configure:4321: gcc-10 -c -g -O2  conftest.c >&5
configure:4321: $? = 0
configure:4321: result: yes
configure:4321: checking for strings.h
configure:4321: gcc-10 -c -g -O2  conftest.c >&5
configure:4321: $? = 0
configure:4321: result: yes
configure:4321: checking for inttypes.h
configure:4321: gcc-10 -c -g -O2  conftest.c >&5
configure:4321: $? = 0
configure:4321: result: yes
configure:4321: checking for stdint.h
configure:4321: gcc-10 -c -g -O2  conftest.c >&5
configure:4321: $? = 0
configure:4321: result: yes
configure:4321: checking for unistd.h
configure:4321: gcc-10 -c -g -O2  conftest.c >&5
configure:4321: $? = 0
configure:4321: result: yes
configure:4336: checking for stdlib.h
configure:4336: result: yes
configure:4336: checking for string.h
configure:4336: result: yes
configure:4336: checking sys/time.h usability
configure:4336: gcc-10 -c -g -O2  conftest.c >&5
configure:4336: $? = 0
configure:4336: result: yes
configure:4336: checking sys/time.h presence
configure:4336: cpp-10  conftest.c
configure:4336: $? = 0
configure:4336: result: yes
configure:4336: checking for sys/time.h
configure:4336: result: yes
configure:4336: checking omp.h usability
configure:4336: gcc-10 -c -g -O2  conftest.c >&5
configure:4336: $? = 0
configure:4336: result: yes
configure:4336: checking omp.h presence
configure:4336: cpp-10  conftest.c
configure:4336: $? = 0
configure:4336: result: yes
configure:4336: checking for omp.h
configure:4336: result: yes
configure:4348: checking for stdbool.h that conforms to C99
configure:4415: gcc-10 -c -g -O2  conftest.c >&5
configure:4415: $? = 0
configure:4422: result: yes
configure:4424: checking for _Bool
configure:4424: gcc-10 -c -g -O2  conftest.c >&5
configure:4424: $? = 0
configure:4424: gcc-10 -c -g -O2  conftest.c >&5
conftest.c: In function 'main':
conftest.c:61:20: error: expected expression before ')' token
   61 | if (sizeof ((_Bool)))
      |                    ^
configure:4424: $? = 1
configure: failed program was:
| /* confdefs.h */
| #define PACKAGE_NAME "smo_svmpack"
| #define PACKAGE_TARNAME "smo_svmpack"
| #define PACKAGE_VERSION "alpha"
| #define PACKAGE_STRING "smo_svmpack alpha"
| #define PACKAGE_BUGREPORT "patjnichols@gmail.com"
| #define PACKAGE_URL ""
| #define PACKAGE "smo_svmpack"
| #define VERSION "alpha"
| #define STDC_HEADERS 1
| #define HAVE_SYS_TYPES_H 1
| #define HAVE_SYS_STAT_H 1
| #define HAVE_STDLIB_H 1
| #define HAVE_STRING_H 1
| #define HAVE_MEMORY_H 1
| #define HAVE_STRINGS_H 1
| #define HAVE_INTTYPES_H 1
| #define HAVE_STDINT_H 1
| #define HAVE_UNISTD_H 1
| #define HAVE_STDLIB_H 1
| #define HAVE_STRING_H 1
| #define HAVE_SYS_TIME_H 1
| #define HAVE_OMP_H 1
| /* end confdefs.h.  */
| #include <stdio.h>
| #ifdef HAVE_SYS_TYPES_H
| # include <sys/types.h>
| #endif
| #ifdef HAVE_SYS_STAT_H
| # include <sys/stat.h>
| #endif
| #ifdef STDC_HEADERS
| # include <stdlib.h>
| # include <stddef.h>
| #else
| # ifdef HAVE_STDLIB_H
| #  include <stdlib.h>
| # endif
| #endif
| #ifdef HAVE_STRING_H
| # if !defined STDC_HEADERS && defined HAVE_MEMORY_H
| #  include <memory.h>
| # endif
| # include <string.h>
| #endif
| #ifdef HAVE_STRINGS_H
| # include <strings.h>
| #endif
| #ifdef HAVE_INTTYPES_H
| # include <inttypes.h>
| #endif
| #ifdef HAVE_STDINT_H
| # include <stdint.h>
| #endif
| #ifdef HAVE_UNISTD_H
| # include <unistd.h>
| #endif
| int
| main ()
| {
| if (sizeof ((_Bool)))
| 	    return 0;
|   ;
|   return 0;
| }
configure:4424: result: yes
configure:4436: checking for inline
configure:4452: gcc-10 -c -g -O2  conftest.c >&5
configure:4452: $? = 0
configure:4460: result: inline
configure:4478: checking for int64_t
configure:4478: gcc-10 -c -g -O2  conftest.c >&5
configure:4478: $? = 0
configure:4478: gcc-10 -c -g -O2  conftest.c >&5
conftest.c: In function 'main':
conftest.c:64:53: warning: integer overflow in expression of type 'long long int' results in '-9223372036854775808' [-Woverflow]
   64 |    < (int64_t) (((((int64_t) 1 << N) << N) - 1) * 2 + 2))];
      |                                                     ^
conftest.c:63:12: error: storage size of 'test_array' isn't constant
   63 | static int test_array [1 - 2 * !((int64_t) (((((int64_t) 1 << N) << N) - 1) * 2 + 1)
      |            ^~~~~~~~~~
configure:4478: $? = 1
configure: failed program was:
| /* confdefs.h */
| #define PACKAGE_NAME "smo_svmpack"
| #define PACKAGE_TARNAME "smo_svmpack"
| #define PACKAGE_VERSION "alpha"
| #define PACKAGE_STRING "smo_svmpack alpha"
| #define PACKAGE_BUGREPORT "patjnichols@gmail.com"
| #define PACKAGE_URL ""
| #define PACKAGE "smo_svmpack"
| #define VERSION "alpha"
| #define STDC_HEADERS 1
| #define HAVE_SYS_TYPES_H 1
| #define HAVE_SYS_STAT_H 1
| #define HAVE_STDLIB_H 1
| #define HAVE_STRING_H 1
| #define HAVE_MEMORY_H 1
| #define HAVE_STRINGS_H 1
| #define HAVE_INTTYPES_H 1
| #define HAVE_STDINT_H 1
| #define HAVE_UNISTD_H 1
| #define HAVE_STDLIB_H 1
| #define HAVE_STRING_H 1
| #define HAVE_SYS_TIME_H 1
| #define HAVE_OMP_H 1
| #define HAVE__BOOL 1
| /* end confdefs.h.  */
| #include <stdio.h>
| #ifdef HAVE_SYS_TYPES_H
| # include <sys/types.h>
| #endif
| #ifdef HAVE_SYS_STAT_H
| # include <sys/stat.h>
| #endif
| #ifdef STDC_HEADERS
| # include <stdlib.h>
| # include <stddef.h>
| #else
| # ifdef HAVE_STDLIB_H
| #  include <stdlib.h>
| # endif
| #endif
| #ifdef HAVE_STRING_H
| # if !defined STDC_HEADERS && defined HAVE_MEMORY_H
| #  include <memory.h>
| # endif
| # include <string.h>
| #endif
| #ifdef HAVE_STRINGS_H
| # include <strings.h>
| #endif
| #ifdef HAVE_INTTYPES_H
| # include <inttypes.h>
| #endif
| #ifdef HAVE_STDINT_H
| # include <stdint.h>
| #endif
| #ifdef HAVE_UNISTD_H
| # include <unistd.h>
| #endif
| 	        enum { N = 64 / 2 - 1 };
| int
| main ()
| {
| static int test_array [1 - 2 * !((int64_t) (((((int64_t) 1 << N) << N) - 1) * 2 + 1)
| 		 < (int64_t) (((((int64_t) 1 << N) << N) - 1) * 2 + 2))];
| test_array [0] = 0;
| return test_array [0];
| 
|   ;
|   return 0;
| }
configure:4478: result: yes
configure:4489: checking for size_t
configure:4489: gcc-10 -c -g -O2  conftest.c >&5
configure:4489: $? = 0
configure:4489: gcc-10 -c -g -O2  conftest.c >&5
conftest.c: In function 'main':
conftest.c:62:21: error: expected expression before ')' token
   62 | if (sizeof ((size_t)))
      |                     ^
configure:4489: $? = 1
configure: failed program was:
| /* confdefs.h */
| #define PACKAGE_NAME "smo_svmpack"
| #define PACKAGE_TARNAME "smo_svmpack"
| #define PACKAGE_VERSION "alpha"
| #define PACKAGE_STRING "smo_svmpack alpha"
| #define PACKAGE_BUGREPORT "patjnichols@gmail.com"
| #define PACKAGE_URL ""
| #define PACKAGE "smo_svmpack"
| #define VERSION "alpha"
| #define STDC_HEADERS 1
| #define HAVE_SYS_TYPES_H 1
| #define HAVE_SYS_STAT_H 1
| #define HAVE_STDLIB_H 1
| #define HAVE_STRING_H 1
| #define HAVE_MEMORY_H 1
| #define HAVE_STRINGS_H 1
| #define HAVE_INTTYPES_H 1
| #define HAVE_STDINT_H 1
| #define HAVE_UNISTD_H 1
| #define HAVE_STDLIB_H 1
| #define HAVE_STRING_H 1
| #define HAVE_SYS_TIME_H 1
| #define HAVE_OMP_H 1
| #define HAVE__BOOL 1
| /* end confdefs.h.  */
| #include <stdio.h>
| #ifdef HAVE_SYS_TYPES_H
| # include <sys/types.h>
| #endif
| #ifdef HAVE_SYS_STAT_H
| # include <sys/stat.h>
| #endif
| #ifdef STDC_HEADERS
| # include <stdlib.h>
| # include <stddef.h>
| #else
| # ifdef HAVE_STDLIB_H
| #  include <stdlib.h>
| # endif
| #endif
| #ifdef HAVE_STRING_H
| # if !defined STDC_HEADERS && defined HAVE_MEMORY_H
| #  include <memory.h>
| # endif
| # include <string.h>
| #endif
| #ifdef HAVE_STRINGS_H
| # include <strings.h>
| #endif
| #ifdef HAVE_INTTYPES_H
| # include <inttypes.h>
| #endif
| #ifdef HAVE_STDINT_H
| # include <stdint.h>
| #endif
| #ifdef HAVE_UNISTD_H
| # include <unistd.h>
| #endif
| int
| main ()
| {
| if (sizeof ((size_t)))
| 	    return 0;
|   ;
|   return 0;
| }
configure:4489: result: yes
configure:4500: checking for ptrdiff_t
configure:4500: gcc-10 -c -g -O2  conftest.c >&5
configure:4500: $? = 0
configure:4500: gcc-10 -c -g -O2  conftest.c >&5
conftest.c: In function 'main':
conftest.c:62:24: error: expected expression before ')' token
   62 | if (sizeof ((ptrdiff_t)))
      |                        ^
configure:4500: $? = 1
configure: failed program was:
| /* confdefs.h */
| #define PACKAGE_NAME "smo_svmpack"
| #define PACKAGE_TARNAME "smo_svmpack"
| #define PACKAGE_VERSION "alpha"
| #define PACKAGE_STRING "smo_svmpack alpha"
| #define PACKAGE_BUGREPORT "patjnichols@gmail.com"
| #define PACKAGE_URL ""
| #define PACKAGE "smo_svmpack"
| #define VERSION "alpha"
| #define STDC_HEADERS 1
| #define HAVE_SYS_TYPES_H 1
| #define HAVE_SYS_STAT_H 1
| #define HAVE_STDLIB_H 1
| #define HAVE_STRING_H 1
| #define HAVE_MEMORY_H 1
| #define HAVE_STRINGS_H 1
| #define HAVE_INTTYPES_H 1
| #define HAVE_STDINT_H 1
| #define HAVE_UNISTD_H 1
| #define HAVE_STDLIB_H 1
| #define HAVE_STRING_H 1
| #define HAVE_SYS_TIME_H 1
| #define HAVE_OMP_H 1
| #define HAVE__BOOL 1
| /* end confdefs.h.  */
| #include <stdio.h>
| #ifdef HAVE_SYS_TYPES_H
| # include <sys/types.h>
| #endif
| #ifdef HAVE_SYS_STAT_H
| # include <sys/stat.h>
| #endif
| #ifdef STDC_HEADERS
| # include <stdlib.h>
| # include <stddef.h>
| #else
| # ifdef HAVE_STDLIB_H
| #  include <stdlib.h>
| # endif
| #endif
| #ifdef HAVE_STRING_H
| # if !defined STDC_HEADERS && defined HAVE_MEMORY_H
| #  include <memory.h>
| # endif
| # include <string.h>
| #endif
| #ifdef HAVE_STRINGS_H
| # include <strings.h>
| #endif
| #ifdef HAVE_INTTYPES_H
| # include <inttypes.h>
| #endif
| #ifdef HAVE_STDINT_H
| # include <stdint.h>
| #endif
| #ifdef HAVE_UNISTD_H
| # include <unistd.h>
| #endif
| int
| main ()
| {
| if (sizeof ((ptrdiff_t)))
| 	    return 0;
|   ;
|   return 0;
| }
configure:4500: result: yes
configure:4515: checking for clock_gettime
configure:4515: gcc-10 -o conftest -g -O2   conftest.c  >&5
configure:4515: $? = 0
configure:4515: result: yes
configure:4515: checking for memset
configure:4515: gcc-10 -o conftest -g -O2   conftest.c  >&5
conftest.c:51:6: warning: conflicting types for built-in function 'memset'; expected 'void *(void *, int,  long unsigned int)' [-Wbuiltin-declaration-mismatch]
   51 | char memset ();
      |      ^~~~~~
conftest.c:39:1: note: 'memset' is declared in header '<string.h>'
   38 | # include <limits.h>
   39 | #else
configure:4515: $? = 0
configure:4515: result: yes
configure:4515: checking for memcpy
configure:4515: gcc-10 -o conftest -g -O2   conftest.c  >&5
conftest.c:52:6: warning: conflicting types for built-in function 'memcpy'; expected 'void *(void *, const void *, long unsigned int)' [-Wbuiltin-declaration-mismatch]
   52 | char memcpy ();
      |      ^~~~~~
conftest.c:40:1: note: 'memcpy' is declared in header '<string.h>'
   39 | # include <limits.h>
   40 | #else
configure:4515: $? = 0
configure:4515: result: yes
configure:4515: checking for rint
configure:4515: gcc-10 -o conftest -g -O2   conftest.c  >&5
conftest.c:53:6: warning: conflicting types for built-in function 'rint'; expected 'double(double)' [-Wbuiltin-declaration-mismatch]
   53 | char rint ();
      |      ^~~~
conftest.c:41:1: note: 'rint' is declared in header '<math.h>'
   40 | # include <limits.h>
   41 | #else
configure:4515: $? = 0
configure:4515: result: yes
configure:4515: checking for setenv
configure:4515: gcc-10 -o conftest -g -O2   conftest.c  >&5
configure:4515: $? = 0
configure:4515: result: yes
configure:4515: checking for sqrt
configure:4515: gcc-10 -o conftest -g -O2   conftest.c  >&5
conftest.c:55:6: warning: conflicting types for built-in function 'sqrt'; expected 'double(double)' [-Wbuiltin-declaration-mismatch]
   55 | char sqrt ();
      |      ^~~~
conftest.c:43:1: note: 'sqrt' is declared in header '<math.h>'
   42 | # include <limits.h>
   43 | #else
configure:4515: $? = 0
configure:4515: result: yes
configure:4515: checking for posix_memalign
configure:4515: gcc-10 -o conftest -g -O2   conftest.c  >&5
conftest.c:56:6: warning: conflicting types for built-in function 'posix_memalign'; expected 'int(void **, long unsigned int,  long unsigned int)' [-Wbuiltin-declaration-mismatch]
   56 | char posix_memalign ();
      |      ^~~~~~~~~~~~~~
configure:4515: $? = 0
configure:4515: result: yes
configure:4515: checking for malloc
configure:4515: gcc-10 -o conftest -g -O2   conftest.c  >&5
conftest.c:57:6: warning: conflicting types for built-in function 'malloc'; expected 'void *(long unsigned int)' [-Wbuiltin-declaration-mismatch]
   57 | char malloc ();
      |      ^~~~~~
conftest.c:45:1: note: 'malloc' is declared in header '<stdlib.h>'
   44 | # include <limits.h>
   45 | #else
configure:4515: $? = 0
configure:4515: result: yes
configure:4515: checking for align_malloc
configure:4515: gcc-10 -o conftest -g -O2   conftest.c  >&5
Undefined symbols for architecture x86_64:
  "_align_malloc", referenced from:
      _main in ccFkQb4a.o
ld: symbol(s) not found for architecture x86_64
collect2: error: ld returned 1 exit status
configure:4515: $? = 1
configure: failed program was:
| /* confdefs.h */
| #define PACKAGE_NAME "smo_svmpack"
| #define PACKAGE_TARNAME "smo_svmpack"
| #define PACKAGE_VERSION "alpha"
| #define PACKAGE_STRING "smo_svmpack alpha"
| #define PACKAGE_BUGREPORT "patjnichols@gmail.com"
| #define PACKAGE_URL ""
| #define PACKAGE "smo_svmpack"
| #define VERSION "alpha"
| #define STDC_HEADERS 1
| #define HAVE_SYS_TYPES_H 1
| #define HAVE_SYS_STAT_H 1
| #define HAVE_STDLIB_H 1
| #define HAVE_STRING_H 1
| #define HAVE_MEMORY_H 1
| #define HAVE_STRINGS_H 1
| #define HAVE_INTTYPES_H 1
| #define HAVE_STDINT_H 1
| #define HAVE_UNISTD_H 1
| #define HAVE_STDLIB_H 1
| #define HAVE_STRING_H 1
| #define HAVE_SYS_TIME_H 1
| #define HAVE_OMP_H 1
| #define HAVE__BOOL 1
| #define HAVE_PTRDIFF_T 1
| #define HAVE_CLOCK_GETTIME 1
| #define HAVE_MEMSET 1
| #define HAVE_MEMCPY 1
| #define HAVE_RINT 1
| #define HAVE_SETENV 1
| #define HAVE_SQRT 1
| #define HAVE_POSIX_MEMALIGN 1
| #define HAVE_MALLOC 1
| /* end confdefs.h.  */
| /* Define align_malloc to an innocuous variant, in case <limits.h> declares align_malloc.
|    For example, HP-UX 11i <limits.h> declares gettimeofday.  */
| #define align_malloc innocuous_align_malloc
| 
| /* System header to define __stub macros and hopefully few prototypes,
|     which can conflict with char align_malloc (); below.
|     Prefer <limits.h> to <assert.h> if __STDC__ is defined, since
|     <limits.h> exists even on freestanding compilers.  */
| 
| #ifdef __STDC__
| # include <limits.h>
| #else
| # include <assert.h>
| #endif
| 
| #undef align_malloc
| 
| /* Override any GCC internal prototype to avoid an error.
|    Use char because int might match the return type of a GCC
|    builtin and then its argument prototype would still apply.  */
| #ifdef __cplusplus
| extern "C"
| #endif
| char align_malloc ();
| /* The GNU C library defines this for functions which it implements
|     to always fail with ENOSYS.  Some functions are actually named
|     something starting with __ and the normal name is an alias.  */
| #if defined __stub_align_malloc || defined __stub___align_malloc
| choke me
| #endif
| 
| int
| main ()
| {
| return align_malloc ();
|   ;
|   return 0;
| }
configure:4515: result: no
configure:4636: checking that generated files are newer than configure
configure:4642: result: done
configure:4665: creating ./config.status

## ---------------------- ##
## Running config.status. ##
## ---------------------- ##

This file was extended by smo_svmpack config.status alpha, which was
generated by GNU Autoconf 2.69.  Invocation command line was

  CONFIG_FILES    = 
  CONFIG_HEADERS  = 
  CONFIG_LINKS    = 
  CONFIG_COMMANDS = 
  $ ./config.status 

on pn1804080.lanl.gov

config.status:866: creating Makefile
config.status:866: creating config.h
config.status:1047: config.h is unchanged
config.status:1095: executing depfiles commands
config.status:1172: cd .       && sed -e '/# am--include-marker/d' Makefile         | make -f - am--depfiles
make: Nothing to be done for `am--depfiles'.
config.status:1177: $? = 0

## ---------------- ##
## Cache variables. ##
## ---------------- ##

ac_cv_c_compiler_gnu=yes
ac_cv_c_inline=inline
ac_cv_c_int64_t=yes
ac_cv_env_CC_set=set
ac_cv_env_CC_value=gcc-10
ac_cv_env_CFLAGS_set=
ac_cv_env_CFLAGS_value=
ac_cv_env_CPPFLAGS_set=
ac_cv_env_CPPFLAGS_value=
ac_cv_env_CPP_set=set
ac_cv_env_CPP_value=cpp-10
ac_cv_env_LDFLAGS_set=
ac_cv_env_LDFLAGS_value=
ac_cv_env_LIBS_set=
ac_cv_env_LIBS_value=
ac_cv_env_build_alias_set=
ac_cv_env_build_alias_value=
ac_cv_env_host_alias_set=
ac_cv_env_host_alias_value=
ac_cv_env_target_alias_set=
ac_cv_env_target_alias_value=
ac_cv_func_align_malloc=no
ac_cv_func_clock_gettime=yes
ac_cv_func_malloc=yes
ac_cv_func_memcpy=yes
ac_cv_func_memset=yes
ac_cv_func_posix_memalign=yes
ac_cv_func_rint=yes
ac_cv_func_setenv=yes
ac_cv_func_sqrt=yes
ac_cv_header_inttypes_h=yes
ac_cv_header_memory_h=yes
ac_cv_header_omp_h=yes
ac_cv_header_stdbool_h=yes
ac_cv_header_stdc=yes
ac_cv_header_stdint_h=yes
ac_cv_header_stdlib_h=yes
ac_cv_header_string_h=yes
ac_cv_header_strings_h=yes
ac_cv_header_sys_stat_h=yes
ac_cv_header_sys_time_h=yes
ac_cv_header_sys_types_h=yes
ac_cv_header_unistd_h=yes
ac_cv_objext=o
ac_cv_path_EGREP='/usr/bin/grep -E'
ac_cv_path_GREP=/usr/bin/grep
ac_cv_path_install='/usr/bin/install -c'
ac_cv_prog_AWK=awk
ac_cv_prog_CPP=cpp-10
ac_cv_prog_ac_ct_CC=gcc-10
ac_cv_prog_cc_c89=
ac_cv_prog_cc_g=yes
ac_cv_prog_make_make_set=yes
ac_cv_type__Bool=yes
ac_cv_type_ptrdiff_t=yes
ac_cv_type_size_t=yes
am_cv_CC_dependencies_compiler_type=gcc3
am_cv_make_support_nested_variables=yes
am_cv_prog_cc_c_o=yes

## ----------------- ##
## Output variables. ##
## ----------------- ##

ACLOCAL='${SHELL} /Users/pnichols/mycodes/svm/smo_svmpack3/c/missing aclocal-1.16'
AMDEPBACKSLASH='\'
AMDEP_FALSE='#'
AMDEP_TRUE=''
AMTAR='$${TAR-tar}'
AM_BACKSLASH='\'
AM_DEFAULT_V='$(AM_DEFAULT_VERBOSITY)'
AM_DEFAULT_VERBOSITY='1'
AM_V='$(V)'
AUTOCONF='${SHELL} /Users/pnichols/mycodes/svm/smo_svmpack3/c/missing autoconf'
AUTOHEADER='${SHELL} /Users/pnichols/mycodes/svm/smo_svmpack3/c/missing autoheader'
AUTOMAKE='${SHELL} /Users/pnichols/mycodes/svm/smo_svmpack3/c/missing automake-1.16'
AWK='awk'
CC='gcc-10'
CCDEPMODE='depmode=gcc3'
CFLAGS='-g -O2'
CPP='cpp-10'
CPPFLAGS=''
CYGPATH_W='echo'
DEFS='-DHAVE_CONFIG_H'
DEPDIR='.deps'
ECHO_C='\c'
ECHO_N=''
ECHO_T=''
EGREP='/usr/bin/grep -E'
EXEEXT=''
GREP='/usr/bin/grep'
INSTALL_DATA='${INSTALL} -m 644'
INSTALL_PROGRAM='${INSTALL}'
INSTALL_SCRIPT='${INSTALL}'
INSTALL_STRIP_PROGRAM='$(install_sh) -c -s'
LDFLAGS=''
LIBOBJS=''
LIBS=''
LTLIBOBJS=''
MAKEINFO='${SHELL} /Users/pnichols/mycodes/svm/smo_svmpack3/c/missing makeinfo'
MKDIR_P='./install-sh -c -d'
OBJEXT='o'
PACKAGE='smo_svmpack'
PACKAGE_BUGREPORT='patjnichols@gmail.com'
PACKAGE_NAME='smo_svmpack'
PACKAGE_STRING='smo_svmpack alpha'
PACKAGE_TARNAME='smo_svmpack'
PACKAGE_URL=''
PACKAGE_VERSION='alpha'
PATH_SEPARATOR=':'
SET_MAKE=''
SHELL='/bin/sh'
STRIP=''
VERSION='alpha'
ac_ct_CC='gcc-10'
am__EXEEXT_FALSE=''
am__EXEEXT_TRUE='#'
am__fastdepCC_FALSE='#'
am__fastdepCC_TRUE=''
am__include='include'
am__isrc=''
am__leading_dot='.'
am__nodep='_no'
am__quote=''
am__tar='$${TAR-tar} chof - "$$tardir"'
am__untar='$${TAR-tar} xf -'
bindir='${exec_prefix}/bin'
build_alias=''
datadir='${datarootdir}'
datarootdir='${prefix}/share'
docdir='${datarootdir}/doc/${PACKAGE_TARNAME}'
dvidir='${docdir}'
exec_prefix='${prefix}'
host_alias=''
htmldir='${docdir}'
includedir='${prefix}/include'
infodir='${datarootdir}/info'
install_sh='${SHELL} /Users/pnichols/mycodes/svm/smo_svmpack3/c/install-sh'
libdir='${exec_prefix}/lib'
libexecdir='${exec_prefix}/libexec'
localedir='${datarootdir}/locale'
localstatedir='${prefix}/var'
mandir='${datarootdir}/man'
mkdir_p='$(MKDIR_P)'
oldincludedir='/usr/include'
pdfdir='${docdir}'
prefix='/usr/local'
program_transform_name='s,x,x,'
psdir='${docdir}'
sbindir='${exec_prefix}/sbin'
sharedstatedir='${prefix}/com'
sysconfdir='${prefix}/etc'
target_alias=''

## ----------- ##
## confdefs.h. ##
## ----------- ##

/* confdefs.h */
#define PACKAGE_NAME "smo_svmpack"
#define PACKAGE_TARNAME "smo_svmpack"
#define PACKAGE_VERSION "alpha"
#define PACKAGE_STRING "smo_svmpack alpha"
#define PACKAGE_BUGREPORT "patjnichols@gmail.com"
#define PACKAGE_URL ""
#define PACKAGE "smo_svmpack"
#define VERSION "alpha"
#define STDC_HEADERS 1
#define HAVE_SYS_TYPES_H 1
#define HAVE_SYS_STAT_H 1
#define HAVE_STDLIB_H 1
#define HAVE_STRING_H 1
#define HAVE_MEMORY_H 1
#define HAVE_STRINGS_H 1
#define HAVE_INTTYPES_H 1
#define HAVE_STDINT_H 1
#define HAVE_UNISTD_H 1
#define HAVE_STDLIB_H 1
#define HAVE_STRING_H 1
#define HAVE_SYS_TIME_H 1
#define HAVE_OMP_H 1
#define HAVE__BOOL 1
#define HAVE_PTRDIFF_T 1
#define HAVE_CLOCK_GETTIME 1
#define HAVE_MEMSET 1
#define HAVE_MEMCPY 1
#define HAVE_RINT 1
#define HAVE_SETENV 1
#define HAVE_SQRT 1
#define HAVE_POSIX_MEMALIGN 1
#define HAVE_MALLOC 1

configure: exit 0

## ---------------------- ##
## Running config.status. ##
## ---------------------- ##

This file was extended by smo_svmpack config.status alpha, which was
generated by GNU Autoconf 2.69.  Invocation command line was

  CONFIG_FILES    = 
  CONFIG_HEADERS  = 
  CONFIG_LINKS    = 
  CONFIG_COMMANDS = 
  $ ./config.status Makefile depfiles

on pn1804080.lanl.gov

config.status:866: creating Makefile
config.status:1095: executing depfiles commands
config.status:1172: cd .       && sed -e '/# am--include-marker/d' Makefile         | make -f - am--depfiles
make[1]: Nothing to be done for `am--depfiles'.
config.status:1177: $? = 0
